[0.013s] Invoking command in '/home/nils/knapp_ws/build/more_interfaces': CMAKE_PREFIX_PATH=${CMAKE_PREFIX_PATH}:/home/nils/install/python_parameters:/home/nils/install/py_srvcli:/home/nils/install/py_pubsub:/opt/ros/foxy /usr/bin/cmake --build /home/nils/knapp_ws/build/more_interfaces -- -j1 -l1
[0.093s] [  3%] Built target more_interfaces__cpp
[0.128s] [ 12%] Built target more_interfaces__rosidl_typesupport_introspection_cpp
[0.166s] [ 21%] Built target more_interfaces__rosidl_typesupport_cpp
[0.193s] [ 30%] Built target more_interfaces__rosidl_generator_c
[0.215s] [ 39%] Built target more_interfaces__rosidl_typesupport_c
[0.242s] [ 48%] Built target more_interfaces__rosidl_typesupport_fastrtps_cpp
[0.267s] [ 57%] Built target more_interfaces__rosidl_typesupport_fastrtps_c
[0.288s] [ 66%] Built target more_interfaces__rosidl_typesupport_introspection_c
[0.309s] [ 66%] Built target more_interfaces
[0.332s] [ 69%] Built target more_interfaces__py
[0.357s] [ 75%] Built target more_interfaces__python
[0.382s] [ 81%] Built target more_interfaces__rosidl_typesupport_c__pyext
[0.407s] [ 87%] Built target more_interfaces__rosidl_typesupport_introspection_c__pyext
[0.436s] [ 93%] Built target more_interfaces__rosidl_typesupport_fastrtps_c__pyext
[0.447s] [35m[1mScanning dependencies of target amr_node[0m
[0.470s] [ 96%] [32mBuilding CXX object CMakeFiles/amr_node.dir/src/amr_node.cpp.o[0m
[2.018s] [01m[K/home/nils/knapp_ws/src/more_interfaces/src/amr_node.cpp:29:21:[m[K [01;31m[Kerror: [m[Kâ€˜[01m[Kstd_msgs[m[Kâ€™ was not declared in this scope
[2.018s]    29 |   rclcpp::Publisher<[01;31m[Kstd_msgs[m[K::msg::String>::SharedPtr publisher_;
[2.018s]       |                     [01;31m[K^~~~~~~~[m[K
[2.018s] [01m[K/home/nils/knapp_ws/src/more_interfaces/src/amr_node.cpp:29:42:[m[K [01;31m[Kerror: [m[Ktemplate argument 1 is invalid
[2.018s]    29 |   rclcpp::Publisher<std_msgs::msg::String[01;31m[K>[m[K::SharedPtr publisher_;
[2.018s]       |                                          [01;31m[K^[m[K
[2.019s] [01m[K/home/nils/knapp_ws/src/more_interfaces/src/amr_node.cpp:29:45:[m[K [01;31m[Kerror: [m[Kexpected â€˜[01m[K;[m[Kâ€™ at end of member declaration
[2.019s]    29 |   rclcpp::Publisher<std_msgs::msg::String>::[01;31m[KSharedPtr[m[K publisher_;
[2.019s]       |                                             [01;31m[K^~~~~~~~~[m[K
[2.019s]       |                                                      [32m[K;[m[K
[2.022s] [01m[K/home/nils/knapp_ws/src/more_interfaces/src/amr_node.cpp:29:55:[m[K [01;31m[Kerror: [m[Kâ€˜[01m[Kpublisher_[m[Kâ€™ does not name a type; did you mean â€˜[01m[Krcl_publisher_t[m[Kâ€™?
[2.022s]    29 |   rclcpp::Publisher<std_msgs::msg::String>::SharedPtr [01;31m[Kpublisher_[m[K;
[2.023s]       |                                                       [01;31m[K^~~~~~~~~~[m[K
[2.023s]       |                                                       [32m[Krcl_publisher_t[m[K
[2.027s] [01m[K/home/nils/knapp_ws/src/more_interfaces/src/amr_node.cpp:[m[K In constructor â€˜[01m[KRobotNode::RobotNode()[m[Kâ€™:
[2.027s] [01m[K/home/nils/knapp_ws/src/more_interfaces/src/amr_node.cpp:15:5:[m[K [01;31m[Kerror: [m[Kâ€˜[01m[Kpublisher_[m[Kâ€™ was not declared in this scope; did you mean â€˜[01m[Krcl_publisher_t[m[Kâ€™?
[2.027s]    15 |     [01;31m[Kpublisher_[m[K = this->create_publisher<std_msgs::msg::String>("topic", 10);
[2.027s]       |     [01;31m[K^~~~~~~~~~[m[K
[2.027s]       |     [32m[Krcl_publisher_t[m[K
[2.030s] [01m[K/home/nils/knapp_ws/src/more_interfaces/src/amr_node.cpp:15:41:[m[K [01;31m[Kerror: [m[Kâ€˜[01m[Kstd_msgs[m[Kâ€™ was not declared in this scope
[2.030s]    15 |     publisher_ = this->create_publisher<[01;31m[Kstd_msgs[m[K::msg::String>("topic", 10);
[2.031s]       |                                         [01;31m[K^~~~~~~~[m[K
[2.031s] [01m[K/home/nils/knapp_ws/src/more_interfaces/src/amr_node.cpp:15:24:[m[K [01;31m[Kerror: [m[Kparse error in template argument list
[2.031s]    15 |     publisher_ = this->[01;31m[Kcreate_publisher<std_msgs::msg::String>[m[K("topic", 10);
[2.031s]       |                        [01;31m[K^~~~~~~~~~~~~~~~~~~~~~~~~~~~~~~~~~~~~~~[m[K
[2.031s] [01m[K/home/nils/knapp_ws/src/more_interfaces/src/amr_node.cpp:15:75:[m[K [01;31m[Kerror: [m[Kno matching function for call to â€˜[01m[KRobotNode::create_publisher<<expression error> >(const char [6], int)[m[Kâ€™
[2.031s]    15 | reate_publisher<std_msgs::msg::String>("topic", 10[01;31m[K)[m[K;
[2.032s]       |                                                   [01;31m[K^[m[K
[2.032s] 
[2.032s] In file included from [01m[K/opt/ros/foxy/include/rclcpp/executors/single_threaded_executor.hpp:28[m[K,
[2.032s]                  from [01m[K/opt/ros/foxy/include/rclcpp/executors.hpp:22[m[K,
[2.032s]                  from [01m[K/opt/ros/foxy/include/rclcpp/rclcpp.hpp:146[m[K,
[2.032s]                  from [01m[K/home/nils/knapp_ws/src/more_interfaces/src/amr_node.cpp:4[m[K:
[2.032s] [01m[K/opt/ros/foxy/include/rclcpp/node.hpp:184:3:[m[K [01;36m[Knote: [m[Kcandidate: â€˜[01m[Ktemplate<class MessageT, class AllocatorT, class PublisherT> std::shared_ptr<PublisherT> rclcpp::Node::create_publisher(const string&, const rclcpp::QoS&, const rclcpp::PublisherOptionsWithAllocator<AllocatorT>&)[m[Kâ€™
[2.032s]   184 |   [01;36m[Kcreate_publisher[m[K(
[2.033s]       |   [01;36m[K^~~~~~~~~~~~~~~~[m[K
[2.033s] [01m[K/opt/ros/foxy/include/rclcpp/node.hpp:184:3:[m[K [01;36m[Knote: [m[K  template argument deduction/substitution failed:
[2.033s] [01m[K/home/nils/knapp_ws/src/more_interfaces/src/amr_node.cpp:15:75:[m[K [01;31m[Kerror: [m[Ktemplate argument 1 is invalid
[2.033s]    15 | reate_publisher<std_msgs::msg::String>("topic", 10[01;31m[K)[m[K;
[2.033s]       |                                                   [01;31m[K^[m[K
[2.033s] 
[2.034s] [01m[K/home/nils/knapp_ws/src/more_interfaces/src/amr_node.cpp:17:23:[m[K [01;31m[Kerror: [m[Kâ€˜[01m[KMinimalPublisher[m[Kâ€™ has not been declared
[2.034s]    17 |     500ms, std::bind(&[01;31m[KMinimalPublisher[m[K::timer_callback, this));
[2.034s]       |                       [01;31m[K^~~~~~~~~~~~~~~~[m[K
[2.034s] [01m[K/home/nils/knapp_ws/src/more_interfaces/src/amr_node.cpp:[m[K In member function â€˜[01m[Kvoid RobotNode::timer_callback()[m[Kâ€™:
[2.034s] [01m[K/home/nils/knapp_ws/src/more_interfaces/src/amr_node.cpp:23:20:[m[K [01;31m[Kerror: [m[Kâ€˜[01m[Kstd_msgs[m[Kâ€™ has not been declared
[2.034s]    23 |     auto message = [01;31m[Kstd_msgs[m[K::msg::String();
[2.035s]       |                    [01;31m[K^~~~~~~~[m[K
[2.041s] [01m[K/home/nils/knapp_ws/src/more_interfaces/src/amr_node.cpp:26:5:[m[K [01;31m[Kerror: [m[Kâ€˜[01m[Kpublisher_[m[Kâ€™ was not declared in this scope; did you mean â€˜[01m[Krcl_publisher_t[m[Kâ€™?
[2.042s]    26 |     [01;31m[Kpublisher_[m[K->publish(message);
[2.042s]       |     [01;31m[K^~~~~~~~~~[m[K
[2.042s]       |     [32m[Krcl_publisher_t[m[K
[2.523s] make[2]: *** [CMakeFiles/amr_node.dir/build.make:63: CMakeFiles/amr_node.dir/src/amr_node.cpp.o] Error 1
[2.527s] make[1]: *** [CMakeFiles/Makefile2:529: CMakeFiles/amr_node.dir/all] Error 2
[2.527s] make: *** [Makefile:141: all] Error 2
[2.527s] Invoked command in '/home/nils/knapp_ws/build/more_interfaces' returned '2': CMAKE_PREFIX_PATH=${CMAKE_PREFIX_PATH}:/home/nils/install/python_parameters:/home/nils/install/py_srvcli:/home/nils/install/py_pubsub:/opt/ros/foxy /usr/bin/cmake --build /home/nils/knapp_ws/build/more_interfaces -- -j1 -l1
