[0.013s] Invoking command in '/home/nils/knapp_ws/build/more_interfaces': CMAKE_PREFIX_PATH=${CMAKE_PREFIX_PATH}:/home/nils/install/python_parameters:/home/nils/install/py_srvcli:/home/nils/install/py_pubsub:/opt/ros/foxy /usr/bin/cmake --build /home/nils/knapp_ws/build/more_interfaces -- -j1 -l1
[0.093s] [  3%] Built target more_interfaces__cpp
[0.128s] [ 12%] Built target more_interfaces__rosidl_typesupport_introspection_cpp
[0.163s] [ 21%] Built target more_interfaces__rosidl_typesupport_cpp
[0.187s] [ 30%] Built target more_interfaces__rosidl_generator_c
[0.210s] [ 39%] Built target more_interfaces__rosidl_typesupport_c
[0.237s] [ 48%] Built target more_interfaces__rosidl_typesupport_fastrtps_cpp
[0.261s] [ 57%] Built target more_interfaces__rosidl_typesupport_fastrtps_c
[0.282s] [ 66%] Built target more_interfaces__rosidl_typesupport_introspection_c
[0.303s] [ 66%] Built target more_interfaces
[0.326s] [ 69%] Built target more_interfaces__py
[0.351s] [ 75%] Built target more_interfaces__python
[0.379s] [ 81%] Built target more_interfaces__rosidl_typesupport_c__pyext
[0.405s] [ 87%] Built target more_interfaces__rosidl_typesupport_introspection_c__pyext
[0.431s] [ 93%] Built target more_interfaces__rosidl_typesupport_fastrtps_c__pyext
[0.446s] [35m[1mScanning dependencies of target amr_node[0m
[0.468s] [ 96%] [32mBuilding CXX object CMakeFiles/amr_node.dir/src/amr_node.cpp.o[0m
[2.079s] [01m[K/home/nils/knapp_ws/src/more_interfaces/src/amr_node.cpp:[m[K In constructor â€˜[01m[KRobotNode::RobotNode()[m[Kâ€™:
[2.080s] [01m[K/home/nils/knapp_ws/src/more_interfaces/src/amr_node.cpp:22:31:[m[K [01;31m[Kerror: [m[Kâ€˜[01m[KMinimalSubscriber[m[Kâ€™ has not been declared
[2.080s]    22 |       "topic", 10, std::bind(&[01;31m[KMinimalSubscriber[m[K::topic_callback, this, _1));
[2.080s]       |                               [01;31m[K^~~~~~~~~~~~~~~~~[m[K
[3.158s] make[2]: *** [CMakeFiles/amr_node.dir/build.make:63: CMakeFiles/amr_node.dir/src/amr_node.cpp.o] Error 1
[3.160s] make[1]: *** [CMakeFiles/Makefile2:529: CMakeFiles/amr_node.dir/all] Error 2
[3.160s] make: *** [Makefile:141: all] Error 2
[3.160s] Invoked command in '/home/nils/knapp_ws/build/more_interfaces' returned '2': CMAKE_PREFIX_PATH=${CMAKE_PREFIX_PATH}:/home/nils/install/python_parameters:/home/nils/install/py_srvcli:/home/nils/install/py_pubsub:/opt/ros/foxy /usr/bin/cmake --build /home/nils/knapp_ws/build/more_interfaces -- -j1 -l1
