[01m[K/home/nils/knapp_ws/src/more_interfaces/src/amr_node.cpp:70:[m[K [01;31m[Kerror: [m[Kunterminated argument list invoking macro "RCLCPP_INFO"
   70 | }
      | 
[01m[K/home/nils/knapp_ws/src/more_interfaces/src/amr_node.cpp:52:5:[m[K [01;31m[Kerror: [m[Kexpected â€˜[01m[K}[m[Kâ€™ at end of input
   52 |     [01;31m[KRCLCPP_INFO[m[K(this->get_logger(), "I heard: '%s'", msg->header.frame_id;
      |     [01;31m[K^~~~~~~~~~~[m[K
[01m[K/home/nils/knapp_ws/src/more_interfaces/src/amr_node.cpp:13:1:[m[K [01;36m[Knote: [m[Kto match this â€˜[01m[K{[m[Kâ€™
   13 | [01;36m[K{[m[K
      | [01;36m[K^[m[K
[01m[K/home/nils/knapp_ws/src/more_interfaces/src/amr_node.cpp:[m[K In constructor â€˜[01m[KRobotNode::RobotNode()[m[Kâ€™:
[01m[K/home/nils/knapp_ws/src/more_interfaces/src/amr_node.cpp:22:5:[m[K [01;31m[Kerror: [m[Kâ€˜[01m[Ksubscription_[m[Kâ€™ was not declared in this scope; did you mean â€˜[01m[Krcl_subscription_t[m[Kâ€™?
   22 |     [01;31m[Ksubscription_[m[K = this->create_subscription<std_msgs::msg::String>(
      |     [01;31m[K^~~~~~~~~~~~~[m[K
      |     [32m[Krcl_subscription_t[m[K
[01m[K/home/nils/knapp_ws/src/more_interfaces/src/amr_node.cpp:25:5:[m[K [01;31m[Kerror: [m[Kâ€˜[01m[Ksubscription_current_position[m[Kâ€™ was not declared in this scope
   25 |     [01;31m[Ksubscription_current_position[m[K = this->create_subscription<std_msgs::msg::PoseStamped>(
      |     [01;31m[K^~~~~~~~~~~~~~~~~~~~~~~~~~~~~[m[K
[01m[K/home/nils/knapp_ws/src/more_interfaces/src/amr_node.cpp:25:78:[m[K [01;31m[Kerror: [m[Kâ€˜[01m[KPoseStamped[m[Kâ€™ is not a member of â€˜[01m[Kstd_msgs::msg[m[Kâ€™; did you mean â€˜[01m[Kgeometry_msgs::msg::PoseStamped[m[Kâ€™?
   25 | nt_position = this->create_subscription<std_msgs::msg::[01;31m[KPoseStamped[m[K>(
      |                                                        [01;31m[K^~~~~~~~~~~[m[K

In file included from [01m[K/opt/ros/foxy/include/geometry_msgs/msg/pose_stamped.hpp:7[m[K,
                 from [01m[K/home/nils/knapp_ws/src/more_interfaces/src/amr_node.cpp:7[m[K:
[01m[K/opt/ros/foxy/include/geometry_msgs/msg/detail/pose_stamped__struct.hpp:134:7:[m[K [01;36m[Knote: [m[Kâ€˜[01m[Kgeometry_msgs::msg::PoseStamped[m[Kâ€™ declared here
  134 | using [01;36m[KPoseStamped[m[K =
      |       [01;36m[K^~~~~~~~~~~[m[K
[01m[K/home/nils/knapp_ws/src/more_interfaces/src/amr_node.cpp:25:78:[m[K [01;31m[Kerror: [m[Kâ€˜[01m[KPoseStamped[m[Kâ€™ is not a member of â€˜[01m[Kstd_msgs::msg[m[Kâ€™; did you mean â€˜[01m[Kgeometry_msgs::msg::PoseStamped[m[Kâ€™?
   25 | nt_position = this->create_subscription<std_msgs::msg::[01;31m[KPoseStamped[m[K>(
      |                                                        [01;31m[K^~~~~~~~~~~[m[K

In file included from [01m[K/opt/ros/foxy/include/geometry_msgs/msg/pose_stamped.hpp:7[m[K,
                 from [01m[K/home/nils/knapp_ws/src/more_interfaces/src/amr_node.cpp:7[m[K:
[01m[K/opt/ros/foxy/include/geometry_msgs/msg/detail/pose_stamped__struct.hpp:134:7:[m[K [01;36m[Knote: [m[Kâ€˜[01m[Kgeometry_msgs::msg::PoseStamped[m[Kâ€™ declared here
  134 | using [01;36m[KPoseStamped[m[K =
      |       [01;36m[K^~~~~~~~~~~[m[K
[01m[K/home/nils/knapp_ws/src/more_interfaces/src/amr_node.cpp:26:87:[m[K [01;31m[Kerror: [m[Kno matching function for call to â€˜[01m[KRobotNode::create_subscription<<expression error> >(const char [16], int, std::_Bind_helper<false, void (RobotNode::*)(std::shared_ptr<geometry_msgs::msg::PoseStamped_<std::allocator<void> > >) const, RobotNode*, const std::_Placeholder<1>&>::type)[m[Kâ€™
   26 | nd(&RobotNode::currentPosition_callback, this, _1)[01;31m[K)[m[K;
      |                                                   [01;31m[K^[m[K

In file included from [01m[K/opt/ros/foxy/include/rclcpp/node.hpp:1221[m[K,
                 from [01m[K/opt/ros/foxy/include/rclcpp/executors/single_threaded_executor.hpp:28[m[K,
                 from [01m[K/opt/ros/foxy/include/rclcpp/executors.hpp:22[m[K,
                 from [01m[K/opt/ros/foxy/include/rclcpp/rclcpp.hpp:146[m[K,
                 from [01m[K/home/nils/knapp_ws/src/more_interfaces/src/amr_node.cpp:4[m[K:
[01m[K/opt/ros/foxy/include/rclcpp/node_impl.hpp:91:1:[m[K [01;36m[Knote: [m[Kcandidate: â€˜[01m[Ktemplate<class MessageT, class CallbackT, class AllocatorT, class CallbackMessageT, class SubscriptionT, class MessageMemoryStrategyT> std::shared_ptr<SubscriptionT> rclcpp::Node::create_subscription(const string&, const rclcpp::QoS&, CallbackT&&, const rclcpp::SubscriptionOptionsWithAllocator<AllocatorT>&, typename MessageMemoryStrategyT::SharedPtr)[m[Kâ€™
   91 | [01;36m[KNode[m[K::create_subscription(
      | [01;36m[K^~~~[m[K
[01m[K/opt/ros/foxy/include/rclcpp/node_impl.hpp:91:1:[m[K [01;36m[Knote: [m[K  template argument deduction/substitution failed:
[01m[K/home/nils/knapp_ws/src/more_interfaces/src/amr_node.cpp:26:87:[m[K [01;31m[Kerror: [m[Ktemplate argument 1 is invalid
   26 | nd(&RobotNode::currentPosition_callback, this, _1)[01;31m[K)[m[K;
      |                                                   [01;31m[K^[m[K

[01m[K/home/nils/knapp_ws/src/more_interfaces/src/amr_node.cpp:[m[K In member function â€˜[01m[Kvoid RobotNode::currentPosition_callback(geometry_msgs::msg::PoseStamped_<std::allocator<void> >::SharedPtr) const[m[Kâ€™:
[01m[K/home/nils/knapp_ws/src/more_interfaces/src/amr_node.cpp:52:5:[m[K [01;31m[Kerror: [m[Kâ€˜[01m[KRCLCPP_INFO[m[Kâ€™ was not declared in this scope
   52 |     [01;31m[KRCLCPP_INFO[m[K(this->get_logger(), "I heard: '%s'", msg->header.frame_id;
      |     [01;31m[K^~~~~~~~~~~[m[K
[01m[K/home/nils/knapp_ws/src/more_interfaces/src/amr_node.cpp:52:5:[m[K [01;31m[Kerror: [m[Kexpected â€˜[01m[K}[m[Kâ€™ at end of input
[01m[K/home/nils/knapp_ws/src/more_interfaces/src/amr_node.cpp:51:3:[m[K [01;36m[Knote: [m[Kto match this â€˜[01m[K{[m[Kâ€™
   51 |   [01;36m[K{[m[K
      |   [01;36m[K^[m[K
[01m[K/home/nils/knapp_ws/src/more_interfaces/src/amr_node.cpp:50:82:[m[K [01;35m[Kwarning: [m[Kunused parameter â€˜[01m[Kmsg[m[Kâ€™ [[01;35m[K-Wunused-parameter[m[K]
   50 | callback([01;35m[Kconst geometry_msgs::msg::PoseStamped::SharedPtr msg[m[K) const
      |          [01;35m[K~~~~~~~~~~~~~~~~~~~~~~~~~~~~~~~~~~~~~~~~~~~~~~~~~^~~[m[K

[01m[K/home/nils/knapp_ws/src/more_interfaces/src/amr_node.cpp:[m[K At global scope:
[01m[K/home/nils/knapp_ws/src/more_interfaces/src/amr_node.cpp:52:5:[m[K [01;31m[Kerror: [m[Kexpected unqualified-id at end of input
   52 |     [01;31m[KRCLCPP_INFO[m[K(this->get_logger(), "I heard: '%s'", msg->header.frame_id;
      |     [01;31m[K^~~~~~~~~~~[m[K
make[2]: *** [CMakeFiles/amr_node.dir/build.make:63: CMakeFiles/amr_node.dir/src/amr_node.cpp.o] Error 1
make[1]: *** [CMakeFiles/Makefile2:529: CMakeFiles/amr_node.dir/all] Error 2
make: *** [Makefile:141: all] Error 2
