[0.019s] Invoking command in '/home/nils/knapp_ws/build/more_interfaces': CMAKE_PREFIX_PATH=${CMAKE_PREFIX_PATH}:/home/nils/install/python_parameters:/home/nils/install/py_srvcli:/home/nils/install/py_pubsub:/opt/ros/foxy /usr/bin/cmake --build /home/nils/knapp_ws/build/more_interfaces -- -j1 -l1
[0.097s] [  3%] Built target more_interfaces__cpp
[0.136s] [ 12%] Built target more_interfaces__rosidl_typesupport_introspection_cpp
[0.166s] [ 21%] Built target more_interfaces__rosidl_typesupport_cpp
[0.191s] [ 30%] Built target more_interfaces__rosidl_generator_c
[0.213s] [ 39%] Built target more_interfaces__rosidl_typesupport_c
[0.242s] [ 48%] Built target more_interfaces__rosidl_typesupport_fastrtps_cpp
[0.266s] [ 57%] Built target more_interfaces__rosidl_typesupport_fastrtps_c
[0.288s] [ 66%] Built target more_interfaces__rosidl_typesupport_introspection_c
[0.310s] [ 66%] Built target more_interfaces
[0.335s] [ 69%] Built target more_interfaces__py
[0.365s] [ 75%] Built target more_interfaces__python
[0.393s] [ 81%] Built target more_interfaces__rosidl_typesupport_c__pyext
[0.423s] [ 87%] Built target more_interfaces__rosidl_typesupport_introspection_c__pyext
[0.456s] [ 93%] Built target more_interfaces__rosidl_typesupport_fastrtps_c__pyext
[0.470s] [35m[1mScanning dependencies of target amr_node[0m
[0.498s] [ 96%] [32mBuilding CXX object CMakeFiles/amr_node.dir/src/amr_node.cpp.o[0m
[2.246s] [01m[K/home/nils/knapp_ws/src/more_interfaces/src/amr_node.cpp:50:59:[m[K [01;31m[Kerror: [m[Kâ€˜[01m[KPostStamped[m[Kâ€™ in namespace â€˜[01m[Kgeometry_msgs::msg[m[Kâ€™ does not name a type; did you mean â€˜[01m[KPoseStamped[m[Kâ€™?
[2.246s]    50 | urrentPosition_callback(const geometry_msgs::msg::[01;31m[KPostStamped[m[K::SharedPtr msg) const
[2.246s]       |                                                   [01;31m[K^~~~~~~~~~~[m[K
[2.246s]       |                                                   [32m[KPoseStamped[m[K
[2.247s] [01m[K/home/nils/knapp_ws/src/more_interfaces/src/amr_node.cpp:50:82:[m[K [01;31m[Kerror: [m[Kexpected unqualified-id before â€˜[01m[Kmsg[m[Kâ€™
[2.247s]    50 | callback(const geometry_msgs::msg::PostStamped::SharedPtr [01;31m[Kmsg[m[K) const
[2.247s]       |                                                           [01;31m[K^~~[m[K
[2.247s] 
[2.247s] [01m[K/home/nils/knapp_ws/src/more_interfaces/src/amr_node.cpp:50:81:[m[K [01;31m[Kerror: [m[Kexpected â€˜[01m[K)[m[Kâ€™ before â€˜[01m[Kmsg[m[Kâ€™
[2.247s]    50 | callback[34m[K([m[Kconst geometry_msgs::msg::PostStamped::SharedPtr[01;31m[K [m[K[32m[Kmsg[m[K) const
[2.247s]       |         [34m[K~[m[K                                                [01;31m[K^[m[K[32m[K~~~[m[K
[2.248s]       |                                                          [32m[K)[m[K
[2.248s] [01m[K/home/nils/knapp_ws/src/more_interfaces/src/amr_node.cpp:50:72:[m[K [01;31m[Kerror: [m[Kexpected â€˜[01m[K;[m[Kâ€™ at end of member declaration
[2.248s]    50 | n_callback(const geometry_msgs::msg::PostStamped::[01;31m[KSharedPtr[m[K msg) const
[2.248s]       |                                                   [01;31m[K^~~~~~~~~[m[K
[2.248s]       |                                                            [32m[K;[m[K
[2.252s] [01m[K/home/nils/knapp_ws/src/more_interfaces/src/amr_node.cpp:50:82:[m[K [01;31m[Kerror: [m[Kâ€˜[01m[Kmsg[m[Kâ€™ does not name a type
[2.252s]    50 | callback(const geometry_msgs::msg::PostStamped::SharedPtr [01;31m[Kmsg[m[K) const
[2.252s]       |                                                           [01;31m[K^~~[m[K
[2.252s] 
[2.267s] [01m[K/home/nils/knapp_ws/src/more_interfaces/src/amr_node.cpp:56:44:[m[K [01;31m[Kerror: [m[Kâ€˜[01m[KPostStamped[m[Kâ€™ is not a member of â€˜[01m[Kgeometry_msgs::msg[m[Kâ€™; did you mean â€˜[01m[KPoseStamped[m[Kâ€™?
[2.267s]    56 |   rclcpp::Subscription<geometry_msgs::msg::[01;31m[KPostStamped[m[K>::SharedPtr subscription_current_position;
[2.267s]       |                                            [01;31m[K^~~~~~~~~~~[m[K
[2.267s]       |                                            [32m[KPoseStamped[m[K
[2.267s] [01m[K/home/nils/knapp_ws/src/more_interfaces/src/amr_node.cpp:56:44:[m[K [01;31m[Kerror: [m[Kâ€˜[01m[KPostStamped[m[Kâ€™ is not a member of â€˜[01m[Kgeometry_msgs::msg[m[Kâ€™; did you mean â€˜[01m[KPoseStamped[m[Kâ€™?
[2.268s]    56 |   rclcpp::Subscription<geometry_msgs::msg::[01;31m[KPostStamped[m[K>::SharedPtr subscription_current_position;
[2.268s]       |                                            [01;31m[K^~~~~~~~~~~[m[K
[2.268s]       |                                            [32m[KPoseStamped[m[K
[2.268s] [01m[K/home/nils/knapp_ws/src/more_interfaces/src/amr_node.cpp:56:55:[m[K [01;31m[Kerror: [m[Ktemplate argument 1 is invalid
[2.268s]    56 | lcpp::Subscription<geometry_msgs::msg::PostStamped[01;31m[K>[m[K::SharedPtr subscription_current_position;
[2.268s]       |                                                   [01;31m[K^[m[K
[2.268s] 
[2.268s] [01m[K/home/nils/knapp_ws/src/more_interfaces/src/amr_node.cpp:56:55:[m[K [01;31m[Kerror: [m[Ktemplate argument 3 is invalid
[2.269s] [01m[K/home/nils/knapp_ws/src/more_interfaces/src/amr_node.cpp:56:58:[m[K [01;31m[Kerror: [m[Kexpected â€˜[01m[K;[m[Kâ€™ at end of member declaration
[2.269s]    56 | p::Subscription<geometry_msgs::msg::PostStamped>::[01;31m[KSharedPtr[m[K subscription_current_position;
[2.269s]       |                                                   [01;31m[K^~~~~~~~~[m[K
[2.269s]       |                                                            [32m[K;[m[K
[2.277s] [01m[K/home/nils/knapp_ws/src/more_interfaces/src/amr_node.cpp:56:68:[m[K [01;31m[Kerror: [m[Kâ€˜[01m[Ksubscription_current_position[m[Kâ€™ does not name a type
[2.278s]    56 | ption<geometry_msgs::msg::PostStamped>::SharedPtr [01;31m[Ksubscription_current_position[m[K;
[2.278s]       |                                                   [01;31m[K^~~~~~~~~~~~~~~~~~~~~~~~~~~~~[m[K
[2.278s] 
[2.313s] [01m[K/home/nils/knapp_ws/src/more_interfaces/src/amr_node.cpp:[m[K In constructor â€˜[01m[KRobotNode::RobotNode()[m[Kâ€™:
[2.313s] [01m[K/home/nils/knapp_ws/src/more_interfaces/src/amr_node.cpp:25:5:[m[K [01;31m[Kerror: [m[Kâ€˜[01m[Ksubscription_current_position[m[Kâ€™ was not declared in this scope
[2.313s]    25 |     [01;31m[Ksubscription_current_position[m[K = this->create_subscription<geometry_msgs::msg::PostStamped>(
[2.313s]       |     [01;31m[K^~~~~~~~~~~~~~~~~~~~~~~~~~~~~[m[K
[2.313s] [01m[K/home/nils/knapp_ws/src/more_interfaces/src/amr_node.cpp:25:83:[m[K [01;31m[Kerror: [m[Kâ€˜[01m[KPostStamped[m[Kâ€™ is not a member of â€˜[01m[Kgeometry_msgs::msg[m[Kâ€™; did you mean â€˜[01m[KPoseStamped[m[Kâ€™?
[2.313s]    25 | sition = this->create_subscription<geometry_msgs::msg::[01;31m[KPostStamped[m[K>(
[2.314s]       |                                                        [01;31m[K^~~~~~~~~~~[m[K
[2.314s]       |                                                        [32m[KPoseStamped[m[K
[2.314s] [01m[K/home/nils/knapp_ws/src/more_interfaces/src/amr_node.cpp:25:83:[m[K [01;31m[Kerror: [m[Kâ€˜[01m[KPostStamped[m[Kâ€™ is not a member of â€˜[01m[Kgeometry_msgs::msg[m[Kâ€™; did you mean â€˜[01m[KPoseStamped[m[Kâ€™?
[2.314s]    25 | sition = this->create_subscription<geometry_msgs::msg::[01;31m[KPostStamped[m[K>(
[2.314s]       |                                                        [01;31m[K^~~~~~~~~~~[m[K
[2.314s]       |                                                        [32m[KPoseStamped[m[K
[2.317s] [01m[K/home/nils/knapp_ws/src/more_interfaces/src/amr_node.cpp:26:87:[m[K [01;31m[Kerror: [m[Kno matching function for call to â€˜[01m[KRobotNode::create_subscription<<expression error> >(const char [16], int, std::_Bind_helper<false, void (RobotNode::*)(...), RobotNode*, const std::_Placeholder<1>&>::type)[m[Kâ€™
[2.317s]    26 | nd(&RobotNode::currentPosition_callback, this, _1)[01;31m[K)[m[K;
[2.318s]       |                                                   [01;31m[K^[m[K
[2.318s] 
[2.318s] In file included from [01m[K/opt/ros/foxy/include/rclcpp/node.hpp:1221[m[K,
[2.318s]                  from [01m[K/opt/ros/foxy/include/rclcpp/executors/single_threaded_executor.hpp:28[m[K,
[2.318s]                  from [01m[K/opt/ros/foxy/include/rclcpp/executors.hpp:22[m[K,
[2.318s]                  from [01m[K/opt/ros/foxy/include/rclcpp/rclcpp.hpp:146[m[K,
[2.318s]                  from [01m[K/home/nils/knapp_ws/src/more_interfaces/src/amr_node.cpp:4[m[K:
[2.319s] [01m[K/opt/ros/foxy/include/rclcpp/node_impl.hpp:91:1:[m[K [01;36m[Knote: [m[Kcandidate: â€˜[01m[Ktemplate<class MessageT, class CallbackT, class AllocatorT, class CallbackMessageT, class SubscriptionT, class MessageMemoryStrategyT> std::shared_ptr<SubscriptionT> rclcpp::Node::create_subscription(const string&, const rclcpp::QoS&, CallbackT&&, const rclcpp::SubscriptionOptionsWithAllocator<AllocatorT>&, typename MessageMemoryStrategyT::SharedPtr)[m[Kâ€™
[2.319s]    91 | [01;36m[KNode[m[K::create_subscription(
[2.319s]       | [01;36m[K^~~~[m[K
[2.319s] [01m[K/opt/ros/foxy/include/rclcpp/node_impl.hpp:91:1:[m[K [01;36m[Knote: [m[K  template argument deduction/substitution failed:
[2.319s] [01m[K/home/nils/knapp_ws/src/more_interfaces/src/amr_node.cpp:26:87:[m[K [01;31m[Kerror: [m[Ktemplate argument 1 is invalid
[2.319s]    26 | nd(&RobotNode::currentPosition_callback, this, _1)[01;31m[K)[m[K;
[2.319s]       |                                                   [01;31m[K^[m[K
[2.319s] 
[4.248s] make[2]: *** [CMakeFiles/amr_node.dir/build.make:63: CMakeFiles/amr_node.dir/src/amr_node.cpp.o] Error 1
[4.252s] make[1]: *** [CMakeFiles/Makefile2:529: CMakeFiles/amr_node.dir/all] Error 2
[4.252s] make: *** [Makefile:141: all] Error 2
[4.252s] Invoked command in '/home/nils/knapp_ws/build/more_interfaces' returned '2': CMAKE_PREFIX_PATH=${CMAKE_PREFIX_PATH}:/home/nils/install/python_parameters:/home/nils/install/py_srvcli:/home/nils/install/py_pubsub:/opt/ros/foxy /usr/bin/cmake --build /home/nils/knapp_ws/build/more_interfaces -- -j1 -l1
