[  3%] Built target more_interfaces__cpp
[ 12%] Built target more_interfaces__rosidl_typesupport_introspection_cpp
[ 21%] Built target more_interfaces__rosidl_typesupport_cpp
[ 30%] Built target more_interfaces__rosidl_generator_c
[ 39%] Built target more_interfaces__rosidl_typesupport_c
[ 48%] Built target more_interfaces__rosidl_typesupport_fastrtps_cpp
[ 57%] Built target more_interfaces__rosidl_typesupport_fastrtps_c
[ 66%] Built target more_interfaces__rosidl_typesupport_introspection_c
[ 66%] Built target more_interfaces
[ 69%] Built target more_interfaces__py
[ 75%] Built target more_interfaces__python
[ 81%] Built target more_interfaces__rosidl_typesupport_c__pyext
[ 87%] Built target more_interfaces__rosidl_typesupport_introspection_c__pyext
[ 93%] Built target more_interfaces__rosidl_typesupport_fastrtps_c__pyext
[35m[1mScanning dependencies of target amr_node[0m
[ 96%] [32mBuilding CXX object CMakeFiles/amr_node.dir/src/amr_node.cpp.o[0m
[01m[K/home/nils/knapp_ws/src/more_interfaces/src/amr_node.cpp:7:10:[m[K [01;31m[Kfatal error: [m[Kgeometry_msgs/msg/post_stamped.hpp: No such file or directory
    7 | #include [01;31m[K"geometry_msgs/msg/post_stamped.hpp"[m[K
      |          [01;31m[K^~~~~~~~~~~~~~~~~~~~~~~~~~~~~~~~~~~~[m[K
compilation terminated.
make[2]: *** [CMakeFiles/amr_node.dir/build.make:63: CMakeFiles/amr_node.dir/src/amr_node.cpp.o] Error 1
make[1]: *** [CMakeFiles/Makefile2:529: CMakeFiles/amr_node.dir/all] Error 2
make: *** [Makefile:141: all] Error 2
