[0.010s] Invoking command in '/home/nils/knapp_ws/build/more_interfaces': CMAKE_PREFIX_PATH=${CMAKE_PREFIX_PATH}:/home/nils/install/python_parameters:/home/nils/install/py_srvcli:/home/nils/install/py_pubsub:/opt/ros/foxy /usr/bin/cmake --build /home/nils/knapp_ws/build/more_interfaces -- -j1 -l1
[0.096s] [  3%] Built target more_interfaces__cpp
[0.125s] [ 12%] Built target more_interfaces__rosidl_typesupport_introspection_cpp
[0.170s] [ 21%] Built target more_interfaces__rosidl_typesupport_cpp
[0.191s] [ 30%] Built target more_interfaces__rosidl_generator_c
[0.214s] [ 39%] Built target more_interfaces__rosidl_typesupport_c
[0.243s] [ 48%] Built target more_interfaces__rosidl_typesupport_fastrtps_cpp
[0.268s] [ 57%] Built target more_interfaces__rosidl_typesupport_fastrtps_c
[0.289s] [ 66%] Built target more_interfaces__rosidl_typesupport_introspection_c
[0.310s] [ 66%] Built target more_interfaces
[0.333s] [ 69%] Built target more_interfaces__py
[0.358s] [ 75%] Built target more_interfaces__python
[0.384s] [ 81%] Built target more_interfaces__rosidl_typesupport_c__pyext
[0.410s] [ 87%] Built target more_interfaces__rosidl_typesupport_introspection_c__pyext
[0.439s] [ 93%] Built target more_interfaces__rosidl_typesupport_fastrtps_c__pyext
[0.456s] [35m[1mScanning dependencies of target amr_node[0m
[0.528s] [ 96%] [32mBuilding CXX object CMakeFiles/amr_node.dir/src/amr_node.cpp.o[0m
[2.289s] [01m[K/home/nils/knapp_ws/src/more_interfaces/src/amr_node.cpp:[m[K In constructor â€˜[01m[KRobotNode::RobotNode()[m[Kâ€™:
[2.289s] [01m[K/home/nils/knapp_ws/src/more_interfaces/src/amr_node.cpp:18:23:[m[K [01;31m[Kerror: [m[Kâ€˜[01m[KMinimalPublisher[m[Kâ€™ has not been declared
[2.289s]    18 |     500ms, std::bind(&[01;31m[KMinimalPublisher[m[K::timer_callback, this));
[2.289s]       |                       [01;31m[K^~~~~~~~~~~~~~~~[m[K
[3.118s] make[2]: *** [CMakeFiles/amr_node.dir/build.make:63: CMakeFiles/amr_node.dir/src/amr_node.cpp.o] Error 1
[3.122s] make[1]: *** [CMakeFiles/Makefile2:529: CMakeFiles/amr_node.dir/all] Error 2
[3.122s] make: *** [Makefile:141: all] Error 2
[3.122s] Invoked command in '/home/nils/knapp_ws/build/more_interfaces' returned '2': CMAKE_PREFIX_PATH=${CMAKE_PREFIX_PATH}:/home/nils/install/python_parameters:/home/nils/install/py_srvcli:/home/nils/install/py_pubsub:/opt/ros/foxy /usr/bin/cmake --build /home/nils/knapp_ws/build/more_interfaces -- -j1 -l1
